<?xml version="1.0" encoding="UTF-8"?>
<!-- Generated by org.testng.reporters.JUnitReportReporter -->
<testsuite hostname="LAPTOP-ONO7GG0H" name="Sdas.Finall.Login" tests="1" failures="0" timestamp="20 Sep 2019 17:30:07 GMT" time="37.792" errors="0">
  <testcase name="login1" time="37.792" classname="Sdas.Finall.Login"/>
</testsuite> <!-- Sdas.Finall.Login -->
