<?xml version="1.0" encoding="UTF-8"?>
<!-- Generated by org.testng.reporters.JUnitReportReporter -->
<testsuite hostname="LAPTOP-ONO7GG0H" name="Sdas.Finall.TestB" tests="1" failures="0" timestamp="19 Sep 2019 11:05:36 GMT" time="0.015" errors="0">
  <testcase name="fun2" time="0.015" classname="Sdas.Finall.TestB"/>
</testsuite> <!-- Sdas.Finall.TestB -->
