<?xml version="1.0" encoding="UTF-8"?>
<!-- Generated by org.testng.reporters.JUnitReportReporter -->
<testsuite hostname="LAPTOP-ONO7GG0H" name="Sdas.Finall.TestA" tests="1" failures="0" timestamp="31 Aug 2019 11:39:11 GMT" time="0.015" errors="0">
  <testcase name="fun" time="0.015" classname="Sdas.Finall.TestA"/>
</testsuite> <!-- Sdas.Finall.TestA -->
