<?xml version="1.0" encoding="UTF-8"?>
<!-- Generated by org.testng.reporters.JUnitReportReporter -->
<testsuite hostname="LAPTOP-ONO7GG0H" name="Sdas.Finall.TestC" tests="1" failures="0" timestamp="31 Aug 2019 11:39:11 GMT" time="0.001" errors="0">
  <testcase name="fun3" time="0.001" classname="Sdas.Finall.TestC"/>
</testsuite> <!-- Sdas.Finall.TestC -->
