<?xml version="1.0" encoding="UTF-8"?>
<!-- Generated by org.testng.reporters.JUnitReportReporter -->
<testsuite hostname="LAPTOP-ONO7GG0H" name="Sdas.Finall.Login" tests="2" failures="0" timestamp="20 Sep 2019 20:24:44 GMT" time="59.249" errors="0">
  <testcase name="login2" time="0.004" classname="Sdas.Finall.Login"/>
  <testcase name="login1" time="59.245" classname="Sdas.Finall.Login"/>
</testsuite> <!-- Sdas.Finall.Login -->
